<?xml version="1.0" encoding="UTF-8"?>
<testng-results skipped="0" failed="0" ignored="0" total="1" passed="1">
  <reporter-output>
  </reporter-output>
  <suite name="Default suite" duration-ms="912" started-at="2020-04-13T09:11:33Z" finished-at="2020-04-13T09:11:34Z">
    <groups>
      <group name="cucumber">
        <method signature="TestRunner.feature(cucumber.api.testng.CucumberFeatureWrapper)[pri:0, instance:com.qa.Runner.TestRunner@402a079c]" name="feature" class="com.qa.Runner.TestRunner"/>
      </group> <!-- cucumber -->
    </groups>
    <test name="Default test" duration-ms="912" started-at="2020-04-13T09:11:33Z" finished-at="2020-04-13T09:11:34Z">
      <class name="com.qa.Runner.TestRunner">
        <test-method status="PASS" signature="setUpClass()[pri:0, instance:com.qa.Runner.TestRunner@402a079c]" name="setUpClass" is-config="true" duration-ms="616" started-at="2020-04-13T09:11:33Z" finished-at="2020-04-13T09:11:33Z">
          <reporter-output>
          </reporter-output>
        </test-method> <!-- setUpClass -->
        <test-method status="PASS" signature="feature(cucumber.api.testng.CucumberFeatureWrapper)[pri:0, instance:com.qa.Runner.TestRunner@402a079c]" name="feature" duration-ms="57" started-at="2020-04-13T09:11:33Z" description="Runs Cucumber Feature" data-provider="features" finished-at="2020-04-13T09:11:34Z">
          <params>
            <param index="0">
              <value>
                <![CDATA[Create New Customer in Grue99]]>
              </value>
            </param>
          </params>
          <reporter-output>
          </reporter-output>
        </test-method> <!-- feature -->
        <test-method status="PASS" signature="tearDownClass()[pri:0, instance:com.qa.Runner.TestRunner@402a079c]" name="tearDownClass" is-config="true" duration-ms="24" started-at="2020-04-13T09:11:34Z" finished-at="2020-04-13T09:11:34Z">
          <reporter-output>
          </reporter-output>
        </test-method> <!-- tearDownClass -->
      </class> <!-- com.qa.Runner.TestRunner -->
    </test> <!-- Default test -->
  </suite> <!-- Default suite -->
</testng-results>
